[2026-07-11 11:13:02] glpi.WARNING:   *** Test logger
[2026-07-11 11:14:26] glpi.WARNING:   *** Test logger
[2026-07-13 10:44:21] glpi.CRITICAL:   *** Uncaught PHP Exception Glpi\Exception\SessionExpiredException: "" at Session.php line 1068
  Backtrace :
  ./src/Session.php:1068                             
  ./src/Session.php:1182                             Session::checkValidSessionId()
  ./src/Glpi/Http/Firewall.php:144                   Session::checkLoginUser()
  ...trollerListener/FirewallStrategyListener.php:82 Glpi\Http\Firewall->applyStrategy()
  ...ymfony/event-dispatcher/EventDispatcher.php:260 Glpi\Kernel\Listener\ControllerListener\FirewallStrategyListener->onKernelController()
  ...ymfony/event-dispatcher/EventDispatcher.php:220 Symfony\Component\EventDispatcher\EventDispatcher::Symfony\Component\EventDispatcher\{closure}()
  ...symfony/event-dispatcher/EventDispatcher.php:56 Symfony\Component\EventDispatcher\EventDispatcher->callListeners()
  ./vendor/symfony/http-kernel/HttpKernel.php:169    Symfony\Component\EventDispatcher\EventDispatcher->dispatch()
  ./vendor/symfony/http-kernel/HttpKernel.php:76     Symfony\Component\HttpKernel\HttpKernel->handleRaw()
  ./vendor/symfony/http-kernel/Kernel.php:197        Symfony\Component\HttpKernel\HttpKernel->handle()
  ./public/index.php:70                              Symfony\Component\HttpKernel\Kernel->handle()

[2026-07-13 10:44:21] glpi.CRITICAL:   *** Uncaught PHP Exception Glpi\Exception\SessionExpiredException: "" at Session.php line 1068
  Backtrace :
  ./src/Session.php:1068                             
  ./src/Session.php:1182                             Session::checkValidSessionId()
  ./src/Glpi/Http/Firewall.php:144                   Session::checkLoginUser()
  ...trollerListener/FirewallStrategyListener.php:82 Glpi\Http\Firewall->applyStrategy()
  ...ymfony/event-dispatcher/EventDispatcher.php:260 Glpi\Kernel\Listener\ControllerListener\FirewallStrategyListener->onKernelController()
  ...ymfony/event-dispatcher/EventDispatcher.php:220 Symfony\Component\EventDispatcher\EventDispatcher::Symfony\Component\EventDispatcher\{closure}()
  ...symfony/event-dispatcher/EventDispatcher.php:56 Symfony\Component\EventDispatcher\EventDispatcher->callListeners()
  ./vendor/symfony/http-kernel/HttpKernel.php:169    Symfony\Component\EventDispatcher\EventDispatcher->dispatch()
  ./vendor/symfony/http-kernel/HttpKernel.php:76     Symfony\Component\HttpKernel\HttpKernel->handleRaw()
  ./vendor/symfony/http-kernel/Kernel.php:197        Symfony\Component\HttpKernel\HttpKernel->handle()
  ./public/index.php:70                              Symfony\Component\HttpKernel\Kernel->handle()

[2026-07-13 10:44:21] glpi.CRITICAL:   *** Uncaught PHP Exception Glpi\Exception\SessionExpiredException: "" at Session.php line 1068
  Backtrace :
  ./src/Session.php:1068                             
  ./src/Session.php:1182                             Session::checkValidSessionId()
  ./src/Glpi/Http/Firewall.php:144                   Session::checkLoginUser()
  ...trollerListener/FirewallStrategyListener.php:82 Glpi\Http\Firewall->applyStrategy()
  ...ymfony/event-dispatcher/EventDispatcher.php:260 Glpi\Kernel\Listener\ControllerListener\FirewallStrategyListener->onKernelController()
  ...ymfony/event-dispatcher/EventDispatcher.php:220 Symfony\Component\EventDispatcher\EventDispatcher::Symfony\Component\EventDispatcher\{closure}()
  ...symfony/event-dispatcher/EventDispatcher.php:56 Symfony\Component\EventDispatcher\EventDispatcher->callListeners()
  ./vendor/symfony/http-kernel/HttpKernel.php:169    Symfony\Component\EventDispatcher\EventDispatcher->dispatch()
  ./vendor/symfony/http-kernel/HttpKernel.php:76     Symfony\Component\HttpKernel\HttpKernel->handleRaw()
  ./vendor/symfony/http-kernel/Kernel.php:197        Symfony\Component\HttpKernel\HttpKernel->handle()
  ./public/index.php:70                              Symfony\Component\HttpKernel\Kernel->handle()

[2026-07-13 10:44:22] glpi.CRITICAL:   *** Uncaught PHP Exception Glpi\Exception\SessionExpiredException: "" at Session.php line 1068
  Backtrace :
  ./src/Session.php:1068                             
  ./src/Session.php:1182                             Session::checkValidSessionId()
  ./src/Glpi/Http/Firewall.php:144                   Session::checkLoginUser()
  ...trollerListener/FirewallStrategyListener.php:82 Glpi\Http\Firewall->applyStrategy()
  ...ymfony/event-dispatcher/EventDispatcher.php:260 Glpi\Kernel\Listener\ControllerListener\FirewallStrategyListener->onKernelController()
  ...ymfony/event-dispatcher/EventDispatcher.php:220 Symfony\Component\EventDispatcher\EventDispatcher::Symfony\Component\EventDispatcher\{closure}()
  ...symfony/event-dispatcher/EventDispatcher.php:56 Symfony\Component\EventDispatcher\EventDispatcher->callListeners()
  ./vendor/symfony/http-kernel/HttpKernel.php:169    Symfony\Component\EventDispatcher\EventDispatcher->dispatch()
  ./vendor/symfony/http-kernel/HttpKernel.php:76     Symfony\Component\HttpKernel\HttpKernel->handleRaw()
  ./vendor/symfony/http-kernel/Kernel.php:197        Symfony\Component\HttpKernel\HttpKernel->handle()
  ./public/index.php:70                              Symfony\Component\HttpKernel\Kernel->handle()

[2026-07-13 10:44:22] glpi.CRITICAL:   *** Uncaught PHP Exception Glpi\Exception\SessionExpiredException: "" at Session.php line 1068
  Backtrace :
  ./src/Session.php:1068                             
  ./src/Session.php:1182                             Session::checkValidSessionId()
  ./src/Glpi/Http/Firewall.php:144                   Session::checkLoginUser()
  ...trollerListener/FirewallStrategyListener.php:82 Glpi\Http\Firewall->applyStrategy()
  ...ymfony/event-dispatcher/EventDispatcher.php:260 Glpi\Kernel\Listener\ControllerListener\FirewallStrategyListener->onKernelController()
  ...ymfony/event-dispatcher/EventDispatcher.php:220 Symfony\Component\EventDispatcher\EventDispatcher::Symfony\Component\EventDispatcher\{closure}()
  ...symfony/event-dispatcher/EventDispatcher.php:56 Symfony\Component\EventDispatcher\EventDispatcher->callListeners()
  ./vendor/symfony/http-kernel/HttpKernel.php:169    Symfony\Component\EventDispatcher\EventDispatcher->dispatch()
  ./vendor/symfony/http-kernel/HttpKernel.php:76     Symfony\Component\HttpKernel\HttpKernel->handleRaw()
  ./vendor/symfony/http-kernel/Kernel.php:197        Symfony\Component\HttpKernel\HttpKernel->handle()
  ./public/index.php:70                              Symfony\Component\HttpKernel\Kernel->handle()

[2026-07-13 10:44:22] glpi.CRITICAL:   *** Uncaught PHP Exception Glpi\Exception\SessionExpiredException: "" at Session.php line 1068
  Backtrace :
  ./src/Session.php:1068                             
  ./src/Session.php:1182                             Session::checkValidSessionId()
  ./src/Glpi/Http/Firewall.php:144                   Session::checkLoginUser()
  ...trollerListener/FirewallStrategyListener.php:82 Glpi\Http\Firewall->applyStrategy()
  ...ymfony/event-dispatcher/EventDispatcher.php:260 Glpi\Kernel\Listener\ControllerListener\FirewallStrategyListener->onKernelController()
  ...ymfony/event-dispatcher/EventDispatcher.php:220 Symfony\Component\EventDispatcher\EventDispatcher::Symfony\Component\EventDispatcher\{closure}()
  ...symfony/event-dispatcher/EventDispatcher.php:56 Symfony\Component\EventDispatcher\EventDispatcher->callListeners()
  ./vendor/symfony/http-kernel/HttpKernel.php:169    Symfony\Component\EventDispatcher\EventDispatcher->dispatch()
  ./vendor/symfony/http-kernel/HttpKernel.php:76     Symfony\Component\HttpKernel\HttpKernel->handleRaw()
  ./vendor/symfony/http-kernel/Kernel.php:197        Symfony\Component\HttpKernel\HttpKernel->handle()
  ./public/index.php:70                              Symfony\Component\HttpKernel\Kernel->handle()

